6-6-2023 16:28:09 - verbose: Arguments:
6-6-2023 16:28:09 - verbose:   /Applications/CocosCreator/Creator/3.7.3/CocosCreator.app/Contents/MacOS/CocosCreator: true
6-6-2023 16:28:09 - verbose:   project: /Users/iz/Desktop/Assets/程序/自编/Cocos_Try_1
6-6-2023 16:28:09 - verbose:   dev: false
6-6-2023 16:28:09 - verbose:   home: /Users/iz/.CocosCreator
6-6-2023 16:28:09 - verbose:  
6-6-2023 16:28:15 - verbose: [Package] menu@1.0.0 enable
6-6-2023 16:28:15 - verbose: [Package] profile@1.0.0 enable
6-6-2023 16:28:15 - verbose: [Package] project@1.0.4 enable
6-6-2023 16:28:15 - verbose: [Package] messages@1.0.0 enable
6-6-2023 16:28:15 - verbose: [Package] program@1.0.3 enable
6-6-2023 16:28:15 - verbose: [Package] tester@1.0.0 enable
6-6-2023 16:28:15 - verbose: [Package] information@1.0.0 enable
6-6-2023 16:28:15 - verbose: [Package] preferences@1.0.0 enable
6-6-2023 16:28:20 - log: Load engine in /Applications/CocosCreator/Creator/3.7.3/CocosCreator.app/Contents/Resources/resources/3d/engine
6-6-2023 16:28:21 - log: Profile changed: engine (modules.includeModules: 2d,animation,audio,base,dragon-bones,gfx-webgl,gfx-webgl2,intersection-2d,particle-2d,physics-2d-box2d,profiler,spine,tiled-map,tween,ui,video,webview)
6-6-2023 16:28:21 - log: Register native engine in /Applications/CocosCreator/Creator/3.7.3/CocosCreator.app/Contents/Resources/resources/3d/engine/native
6-6-2023 16:28:21 - verbose: [Package] engine@1.0.7 enable
6-6-2023 16:28:22 - verbose: [Package] programming@1.0.0 enable
6-6-2023 16:28:22 - verbose: [Package] device@1.0.1 enable
6-6-2023 16:28:22 - verbose: [Package] ui-kit@1.0.1 enable
6-6-2023 16:28:22 - verbose: [Package] asset-db@1.0.0 enable
6-6-2023 16:28:22 - verbose: [Package] scene@1.0.0 enable
6-6-2023 16:28:23 - verbose: [Package] server@1.0.0 enable
6-6-2023 16:28:23 - verbose: [Package] utils@1.0.0 enable
6-6-2023 16:28:33 - verbose: [Package] preview@1.0.1 enable
6-6-2023 16:28:33 - verbose: [Package] animator@1.0.0 enable
6-6-2023 16:28:33 - verbose: [Build-plugin] register pkg scene: 2ms
6-6-2023 16:28:33 - verbose: Builder PluginManager init: 3ms
6-6-2023 16:28:33 - verbose: [Package] builder@1.3.5 enable
6-6-2023 16:28:34 - verbose: [Package] shortcuts@1.0.1 enable
6-6-2023 16:28:34 - verbose: [Package] animation-graph@1.0.0 enable
6-6-2023 16:28:34 - verbose: [Package] about@1.0.2 enable
6-6-2023 16:28:34 - verbose: [Package] assets@1.0.0 enable
6-6-2023 16:28:34 - verbose: [Package] console@1.0.0 enable
6-6-2023 16:28:34 - verbose: [Package] crash-reporter@1.0.0 enable
6-6-2023 16:28:35 - verbose: [Package] extension@3.1.1 enable
6-6-2023 16:28:35 - verbose: [Package] hierarchy@1.0.0 enable
6-6-2023 16:28:35 - verbose: [Package] inspector@1.0.0 enable
6-6-2023 16:28:35 - verbose: [Package] light-probe@1.0.4 enable
6-6-2023 16:28:35 - verbose: [Package] lightmap@1.0.4 enable
6-6-2023 16:28:35 - verbose: [Package] node-library@1.0.1 enable
6-6-2023 16:28:35 - verbose: [Package] package-asset@1.0.1 enable
6-6-2023 16:28:35 - verbose: [Package] process@1.0.0 enable
6-6-2023 16:28:35 - verbose: [Package] reference-image@1.0.0 enable
6-6-2023 16:28:35 - verbose: [Package] reflection-probe@1.0.4 enable
6-6-2023 16:28:35 - verbose: [Package] engine-extends@1.0.0 enable
6-6-2023 16:28:36 - verbose: [Package] cocos-service@3.0.7 enable
6-6-2023 16:28:36 - verbose: [Build-plugin] register pkg cocos-service: 101ms
6-6-2023 16:28:36 - verbose: [Package] alipay-mini-game@1.0.1 enable
6-6-2023 16:28:36 - verbose: [Package] android@1.0.1 enable
6-6-2023 16:28:36 - verbose: [Package] bytedance-mini-game@1.0.2 enable
6-6-2023 16:28:36 - verbose: [Package] certificate@1.0.0 enable
6-6-2023 16:28:36 - verbose: [Package] channel-upload-tools@1.0.0 enable
6-6-2023 16:28:36 - verbose: [Package] fb-instant-games@1.0.0 enable
6-6-2023 16:28:36 - verbose: [Package] huawei-agc@1.0.0 enable
6-6-2023 16:28:36 - verbose: [Package] huawei-quick-game@1.0.1 enable
6-6-2023 16:28:37 - verbose: [Package] ios@1.0.0 enable
6-6-2023 16:28:37 - verbose: [Build-plugin] register pkg bytedance-mini-game: 843ms
6-6-2023 16:28:37 - verbose: [Build-plugin] register pkg android: 932ms
6-6-2023 16:28:37 - verbose: [Build-plugin] register pkg fb-instant-games: 774ms
6-6-2023 16:28:37 - verbose: [Package] linux@1.0.0 enable
6-6-2023 16:28:37 - verbose: [Package] mac@1.0.0 enable
6-6-2023 16:28:37 - verbose: [Package] native@1.0.2 enable
6-6-2023 16:28:37 - verbose: [Build-plugin] register pkg native: 130ms
6-6-2023 16:28:37 - verbose: [Build-plugin] register pkg huawei-quick-game: 1063ms
6-6-2023 16:28:37 - verbose: [Build-plugin] register pkg huawei-agc: 1098ms
6-6-2023 16:28:37 - verbose: [Package] ohos@1.0.0 enable
6-6-2023 16:28:37 - verbose: [Package] open-harmonyos@1.0.0 enable
6-6-2023 16:28:37 - verbose: [Package] oppo-mini-game@1.0.1 enable
6-6-2023 16:28:37 - verbose: [Package] runtime-dev-tools@1.0.0 enable
6-6-2023 16:28:37 - verbose: [Package] taobao-creative-app@1.0.0 enable
6-6-2023 16:28:37 - verbose: [Package] taobao-mini-game@1.0.0 enable
6-6-2023 16:28:37 - verbose: [Package] vivo-mini-game@1.0.1 enable
6-6-2023 16:28:37 - verbose: [Build-plugin] register pkg ios: 597ms
6-6-2023 16:28:37 - verbose: [Build-plugin] register pkg mac: 543ms
6-6-2023 16:28:37 - verbose: [Package] web-desktop@1.0.1 enable
6-6-2023 16:28:37 - verbose: [Package] web-mobile@1.0.1 enable
6-6-2023 16:28:37 - verbose: [Package] wechatgame@1.0.2 enable
6-6-2023 16:28:37 - verbose: [Build-plugin] register pkg oppo-mini-game: 291ms
6-6-2023 16:28:37 - verbose: [Build-plugin] register pkg taobao-mini-game: 213ms
6-6-2023 16:28:37 - verbose: [Package] wechatprogram@1.0.2 enable
6-6-2023 16:28:37 - verbose: [Package] windows@1.0.1 enable
6-6-2023 16:28:37 - verbose: [Package] xiaomi-quick-game@1.0.1 enable
6-6-2023 16:28:37 - verbose: [Build-plugin] register pkg ohos: 453ms
6-6-2023 16:28:37 - verbose: [Build-plugin] register pkg taobao-creative-app: 345ms
6-6-2023 16:28:38 - verbose: [Package] im-plugin@3.0.10 enable
6-6-2023 16:28:38 - verbose: [Build-plugin] register pkg wechatgame: 553ms
6-6-2023 16:28:38 - verbose: [Build-plugin] register pkg web-mobile: 605ms
6-6-2023 16:28:38 - verbose: [Build-plugin] register pkg vivo-mini-game: 730ms
6-6-2023 16:28:38 - verbose: [Build-plugin] register pkg web-desktop: 666ms
6-6-2023 16:28:38 - verbose: [Package] placeholder@1.0.0 enable
6-6-2023 16:28:38 - verbose: [Build-plugin] register pkg xiaomi-quick-game: 540ms
6-6-2023 16:28:38 - verbose: [Build-plugin] register pkg windows: 686ms
6-6-2023 16:28:39 - verbose: asset-db is ready!
6-6-2023 16:28:43 - info: [Scene] [Physics][Bullet]: Using asmjs Bullet libs.
6-6-2023 16:28:43 - info: [Scene] [PHYSICS]: using builtin.
6-6-2023 16:28:43 - log: [Scene] Cocos Creator v3.7.3
6-6-2023 16:28:43 - info: [Scene] Forward render pipeline initialized.
6-6-2023 16:28:44 - info: [Scene] [PHYSICS2D]: switch from builtin to box2d.
6-6-2023 16:45:53 - verbose: [
6-6-2023 16:45:53 - verbose: [
6-6-2023 16:45:53 - verbose: [
6-6-2023 16:45:53 - verbose: [
6-6-2023 16:45:53 - verbose: [
6-6-2023 16:45:53 - verbose: [
6-6-2023 16:45:53 - verbose: [
6-6-2023 16:45:53 - verbose: [
6-6-2023 16:45:53 - verbose: [
6-6-2023 16:45:53 - verbose: [
6-6-2023 16:45:53 - verbose: [
6-6-2023 16:45:53 - verbose: [
6-6-2023 16:45:53 - verbose: [
6-6-2023 16:45:53 - verbose: [
6-6-2023 16:45:53 - verbose: [
6-6-2023 16:45:53 - verbose: [
6-6-2023 16:45:53 - verbose: [
6-6-2023 16:45:53 - verbose: [
6-6-2023 16:45:53 - verbose: [
6-6-2023 16:45:53 - verbose: [
6-6-2023 16:45:53 - verbose: B
6-6-2023 16:46:00 - info: [Window] Download the Vue Devtools extension for a better development experience:
https://github.com/vuejs/vue-devtools
6-6-2023 16:46:00 - info: [Window] You are running Vue in development mode.
Make sure to turn on production mode when deploying for production.
See more tips at https://vuejs.org/guide/deployment.html
6-6-2023 17:21:36 - verbose: [
6-6-2023 17:21:36 - verbose: [
6-6-2023 17:21:36 - verbose: [
6-6-2023 17:21:36 - verbose: [
6-6-2023 17:21:36 - verbose: [
6-6-2023 17:21:36 - verbose: [
6-6-2023 17:21:36 - verbose: [
6-6-2023 17:21:36 - verbose: [
6-6-2023 17:21:36 - verbose: [
6-6-2023 17:21:36 - verbose: [
6-6-2023 17:21:36 - verbose: [
6-6-2023 17:21:36 - verbose: [
6-6-2023 17:21:36 - verbose: [
6-6-2023 17:21:36 - verbose: [
6-6-2023 17:21:36 - verbose: [
6-6-2023 17:21:36 - verbose: [
6-6-2023 17:21:36 - verbose: [
6-6-2023 17:21:36 - verbose: [
6-6-2023 17:21:36 - verbose: [
6-6-2023 17:21:36 - verbose: [
6-6-2023 17:21:36 - verbose: B
6-6-2023 20:10:33 - warn: Metrics: no valid info
